[26/11/2024] - [21:44:42] - [CHECKING] - [ARQUIVOS/DIRETÓRIOS] - [VERIFICANDO] - DEBUG
[26/11/2024] - [21:44:42] - [CHECKING] - [DIRETÓRIO]:C:\Users\Ragdejt\Projeto-01\01-AGENDAMENTO - INFO
[26/11/2024] - [21:44:42] - [CHECKING] - [STATUS]: [OK] - [✓] - INFO
[26/11/2024] - [21:44:42] - [CHECKING] - [DIRETÓRIO]:C:\Users\Ragdejt\Projeto-01\02-COMPRAS - INFO
[26/11/2024] - [21:44:42] - [CHECKING] - [STATUS]: [OK] - [✓] - INFO
[26/11/2024] - [21:44:42] - [CHECKING] - [DIRETÓRIO]:C:\Users\Ragdejt\Projeto-01\03-CLIENTES - INFO
[26/11/2024] - [21:44:42] - [CHECKING] - [STATUS]: [OK] - [✓] - INFO
[26/11/2024] - [21:44:42] - [CHECKING] - [DIRETÓRIO]:C:\Users\Ragdejt\Projeto-01\04-FINANCEIRO - INFO
[26/11/2024] - [21:44:42] - [CHECKING] - [STATUS]: [OK] - [✓] - INFO
[26/11/2024] - [21:44:42] - [CHECKING] - [DIRETÓRIO]:C:\Users\Ragdejt\Projeto-01\05-FORNECEDORES - INFO
[26/11/2024] - [21:44:42] - [CHECKING] - [STATUS]: [OK] - [✓] - INFO
[26/11/2024] - [21:44:42] - [CHECKING] - [DIRETÓRIO]:C:\Users\Ragdejt\Projeto-01\06-FUNCIONARIOS - INFO
[26/11/2024] - [21:44:42] - [CHECKING] - [STATUS]: [OK] - [✓] - INFO
[26/11/2024] - [21:44:42] - [CHECKING] - [DIRETÓRIO]:C:\Users\Ragdejt\Projeto-01\07-ESTOQUE - INFO
[26/11/2024] - [21:44:42] - [CHECKING] - [STATUS]: [OK] - [✓] - INFO
[26/11/2024] - [21:44:42] - [CHECKING] - [DIRETÓRIO]:C:\Users\Ragdejt\Projeto-01\08-REGISTROS - INFO
[26/11/2024] - [21:44:42] - [CHECKING] - [STATUS]: [OK] - [✓] - INFO
[26/11/2024] - [21:44:42] - [CHECKING] - [DIRETÓRIO]:C:\Users\Ragdejt\Projeto-01\09-RECEBIMENTO - INFO
[26/11/2024] - [21:44:42] - [CHECKING] - [STATUS]: [OK] - [✓] - INFO
[26/11/2024] - [21:44:42] - [CHECKING] - [DIRETÓRIO]:C:\Users\Ragdejt\Projeto-01\10-RELATORIOS - INFO
[26/11/2024] - [21:44:42] - [CHECKING] - [STATUS]: [OK] - [✓] - INFO
[26/11/2024] - [21:44:42] - [CHECKING] - [DIRETÓRIO]:C:\Users\Ragdejt\Projeto-01\11-SEPARAÇÃO - INFO
[26/11/2024] - [21:44:42] - [CHECKING] - [STATUS]: [OK] - [✓] - INFO
[26/11/2024] - [21:44:42] - [CHECKING] - [DIRETÓRIO]:C:\Users\Ragdejt\Projeto-01\12-EXPEDIÇÃO - INFO
[26/11/2024] - [21:44:42] - [CHECKING] - [STATUS]: [OK] - [✓] - INFO
[26/11/2024] - [21:44:42] - [CHECKING] - [DIRETÓRIO]:C:\Users\Ragdejt\Projeto-01\13-VENDAS - INFO
[26/11/2024] - [21:44:42] - [CHECKING] - [STATUS]: [OK] - [✓] - INFO
[26/11/2024] - [21:44:42] - [CHECKING] - [ARQUIVO]:C:\Users\Ragdejt\Projeto-01\USUARIOS.db - INFO
[26/11/2024] - [21:44:42] - [CHECKING] - [STATUS]: [OK] - [✓] - INFO
[26/11/2024] - [21:44:42] - [CHECKING] - [ARQUIVOS/DIRETÓRIOS] - [VERIFICADOS] - DEBUG
[27/11/2024] - [19:33:13] - [CHECKING] - [ARQUIVOS/DIRETÓRIOS] - [VERIFICANDO] - DEBUG
[27/11/2024] - [19:33:13] - [CHECKING] - [DIRETÓRIO]:C:\Users\Ragdejt\Projeto-01\01-AGENDAMENTO - INFO
[27/11/2024] - [19:33:13] - [CHECKING] - [STATUS]: [OK] - [✓] - INFO
[27/11/2024] - [19:33:13] - [CHECKING] - [DIRETÓRIO]:C:\Users\Ragdejt\Projeto-01\02-COMPRAS - INFO
[27/11/2024] - [19:33:13] - [CHECKING] - [STATUS]: [OK] - [✓] - INFO
[27/11/2024] - [19:33:13] - [CHECKING] - [DIRETÓRIO]:C:\Users\Ragdejt\Projeto-01\03-CLIENTES - INFO
[27/11/2024] - [19:33:13] - [CHECKING] - [STATUS]: [OK] - [✓] - INFO
[27/11/2024] - [19:33:13] - [CHECKING] - [DIRETÓRIO]:C:\Users\Ragdejt\Projeto-01\04-FINANCEIRO - INFO
[27/11/2024] - [19:33:13] - [CHECKING] - [STATUS]: [OK] - [✓] - INFO
[27/11/2024] - [19:33:13] - [CHECKING] - [DIRETÓRIO]:C:\Users\Ragdejt\Projeto-01\05-FORNECEDORES - INFO
[27/11/2024] - [19:33:13] - [CHECKING] - [STATUS]: [OK] - [✓] - INFO
[27/11/2024] - [19:33:13] - [CHECKING] - [DIRETÓRIO]:C:\Users\Ragdejt\Projeto-01\06-FUNCIONARIOS - INFO
[27/11/2024] - [19:33:13] - [CHECKING] - [STATUS]: [OK] - [✓] - INFO
[27/11/2024] - [19:33:13] - [CHECKING] - [DIRETÓRIO]:C:\Users\Ragdejt\Projeto-01\07-ESTOQUE - INFO
[27/11/2024] - [19:33:13] - [CHECKING] - [STATUS]: [OK] - [✓] - INFO
[27/11/2024] - [19:33:13] - [CHECKING] - [DIRETÓRIO]:C:\Users\Ragdejt\Projeto-01\08-REGISTROS - INFO
[27/11/2024] - [19:33:13] - [CHECKING] - [STATUS]: [OK] - [✓] - INFO
[27/11/2024] - [19:33:13] - [CHECKING] - [DIRETÓRIO]:C:\Users\Ragdejt\Projeto-01\09-RECEBIMENTO - INFO
[27/11/2024] - [19:33:13] - [CHECKING] - [STATUS]: [OK] - [✓] - INFO
[27/11/2024] - [19:33:13] - [CHECKING] - [DIRETÓRIO]:C:\Users\Ragdejt\Projeto-01\10-RELATORIOS - INFO
[27/11/2024] - [19:33:13] - [CHECKING] - [STATUS]: [OK] - [✓] - INFO
[27/11/2024] - [19:33:13] - [CHECKING] - [DIRETÓRIO]:C:\Users\Ragdejt\Projeto-01\11-SEPARAÇÃO - INFO
[27/11/2024] - [19:33:13] - [CHECKING] - [STATUS]: [OK] - [✓] - INFO
[27/11/2024] - [19:33:13] - [CHECKING] - [DIRETÓRIO]:C:\Users\Ragdejt\Projeto-01\12-EXPEDIÇÃO - INFO
[27/11/2024] - [19:33:13] - [CHECKING] - [STATUS]: [OK] - [✓] - INFO
[27/11/2024] - [19:33:13] - [CHECKING] - [DIRETÓRIO]:C:\Users\Ragdejt\Projeto-01\13-VENDAS - INFO
[27/11/2024] - [19:33:13] - [CHECKING] - [STATUS]: [OK] - [✓] - INFO
[27/11/2024] - [19:33:13] - [CHECKING] - [ARQUIVO]:C:\Users\Ragdejt\Projeto-01\USUARIOS.db - INFO
[27/11/2024] - [19:33:13] - [CHECKING] - [STATUS]: [OK] - [✓] - INFO
[27/11/2024] - [19:33:13] - [CHECKING] - [ARQUIVOS/DIRETÓRIOS] - [VERIFICADOS] - DEBUG
[27/11/2024] - [19:33:51] - [CHECKING] - [ARQUIVOS/DIRETÓRIOS] - [VERIFICANDO] - DEBUG
[27/11/2024] - [19:33:51] - [CHECKING] - [DIRETÓRIO]:C:\Users\Ragdejt\Projeto-01\01-AGENDAMENTO - INFO
[27/11/2024] - [19:33:51] - [CHECKING] - [STATUS]: [OK] - [✓] - INFO
[27/11/2024] - [19:33:51] - [CHECKING] - [DIRETÓRIO]:C:\Users\Ragdejt\Projeto-01\02-COMPRAS - INFO
[27/11/2024] - [19:33:51] - [CHECKING] - [STATUS]: [OK] - [✓] - INFO
[27/11/2024] - [19:33:51] - [CHECKING] - [DIRETÓRIO]:C:\Users\Ragdejt\Projeto-01\03-CLIENTES - INFO
[27/11/2024] - [19:33:51] - [CHECKING] - [STATUS]: [OK] - [✓] - INFO
[27/11/2024] - [19:33:51] - [CHECKING] - [DIRETÓRIO]:C:\Users\Ragdejt\Projeto-01\04-FINANCEIRO - INFO
[27/11/2024] - [19:33:51] - [CHECKING] - [STATUS]: [OK] - [✓] - INFO
[27/11/2024] - [19:33:51] - [CHECKING] - [DIRETÓRIO]:C:\Users\Ragdejt\Projeto-01\05-FORNECEDORES - INFO
[27/11/2024] - [19:33:51] - [CHECKING] - [STATUS]: [OK] - [✓] - INFO
[27/11/2024] - [19:33:51] - [CHECKING] - [DIRETÓRIO]:C:\Users\Ragdejt\Projeto-01\06-FUNCIONARIOS - INFO
[27/11/2024] - [19:33:51] - [CHECKING] - [STATUS]: [OK] - [✓] - INFO
[27/11/2024] - [19:33:51] - [CHECKING] - [DIRETÓRIO]:C:\Users\Ragdejt\Projeto-01\07-ESTOQUE - INFO
[27/11/2024] - [19:33:51] - [CHECKING] - [STATUS]: [OK] - [✓] - INFO
[27/11/2024] - [19:33:51] - [CHECKING] - [DIRETÓRIO]:C:\Users\Ragdejt\Projeto-01\08-REGISTROS - INFO
[27/11/2024] - [19:33:51] - [CHECKING] - [STATUS]: [OK] - [✓] - INFO
[27/11/2024] - [19:33:51] - [CHECKING] - [DIRETÓRIO]:C:\Users\Ragdejt\Projeto-01\09-RECEBIMENTO - INFO
[27/11/2024] - [19:33:51] - [CHECKING] - [STATUS]: [OK] - [✓] - INFO
[27/11/2024] - [19:33:51] - [CHECKING] - [DIRETÓRIO]:C:\Users\Ragdejt\Projeto-01\10-RELATORIOS - INFO
[27/11/2024] - [19:33:51] - [CHECKING] - [STATUS]: [OK] - [✓] - INFO
[27/11/2024] - [19:33:51] - [CHECKING] - [DIRETÓRIO]:C:\Users\Ragdejt\Projeto-01\11-SEPARAÇÃO - INFO
[27/11/2024] - [19:33:51] - [CHECKING] - [STATUS]: [OK] - [✓] - INFO
[27/11/2024] - [19:33:51] - [CHECKING] - [DIRETÓRIO]:C:\Users\Ragdejt\Projeto-01\12-EXPEDIÇÃO - INFO
[27/11/2024] - [19:33:51] - [CHECKING] - [STATUS]: [OK] - [✓] - INFO
[27/11/2024] - [19:33:51] - [CHECKING] - [DIRETÓRIO]:C:\Users\Ragdejt\Projeto-01\13-VENDAS - INFO
[27/11/2024] - [19:33:51] - [CHECKING] - [STATUS]: [OK] - [✓] - INFO
[27/11/2024] - [19:33:51] - [CHECKING] - [ARQUIVO]:C:\Users\Ragdejt\Projeto-01\USUARIOS.db - INFO
[27/11/2024] - [19:33:51] - [CHECKING] - [STATUS]: [OK] - [✓] - INFO
[27/11/2024] - [19:33:51] - [CHECKING] - [ARQUIVOS/DIRETÓRIOS] - [VERIFICADOS] - DEBUG
[27/11/2024] - [19:49:43] - [CHECKING] - [ARQUIVOS/DIRETÓRIOS] - [VERIFICANDO] - DEBUG
[27/11/2024] - [19:49:43] - [CHECKING] - [DIRETÓRIO]:C:\Users\Ragdejt\Projeto-01\01-AGENDAMENTO - INFO
[27/11/2024] - [19:49:43] - [CHECKING] - [STATUS]: [OK] - [✓] - INFO
[27/11/2024] - [19:49:43] - [CHECKING] - [DIRETÓRIO]:C:\Users\Ragdejt\Projeto-01\02-COMPRAS - INFO
[27/11/2024] - [19:49:43] - [CHECKING] - [STATUS]: [OK] - [✓] - INFO
[27/11/2024] - [19:49:43] - [CHECKING] - [DIRETÓRIO]:C:\Users\Ragdejt\Projeto-01\03-CLIENTES - INFO
[27/11/2024] - [19:49:43] - [CHECKING] - [STATUS]: [OK] - [✓] - INFO
[27/11/2024] - [19:49:43] - [CHECKING] - [DIRETÓRIO]:C:\Users\Ragdejt\Projeto-01\04-FINANCEIRO - INFO
[27/11/2024] - [19:49:43] - [CHECKING] - [STATUS]: [OK] - [✓] - INFO
[27/11/2024] - [19:49:43] - [CHECKING] - [DIRETÓRIO]:C:\Users\Ragdejt\Projeto-01\05-FORNECEDORES - INFO
[27/11/2024] - [19:49:43] - [CHECKING] - [STATUS]: [OK] - [✓] - INFO
[27/11/2024] - [19:49:43] - [CHECKING] - [DIRETÓRIO]:C:\Users\Ragdejt\Projeto-01\06-FUNCIONARIOS - INFO
[27/11/2024] - [19:49:43] - [CHECKING] - [STATUS]: [OK] - [✓] - INFO
[27/11/2024] - [19:49:43] - [CHECKING] - [DIRETÓRIO]:C:\Users\Ragdejt\Projeto-01\07-ESTOQUE - INFO
[27/11/2024] - [19:49:43] - [CHECKING] - [STATUS]: [OK] - [✓] - INFO
[27/11/2024] - [19:49:43] - [CHECKING] - [DIRETÓRIO]:C:\Users\Ragdejt\Projeto-01\08-REGISTROS - INFO
[27/11/2024] - [19:49:43] - [CHECKING] - [STATUS]: [OK] - [✓] - INFO
[27/11/2024] - [19:49:43] - [CHECKING] - [DIRETÓRIO]:C:\Users\Ragdejt\Projeto-01\09-RECEBIMENTO - INFO
[27/11/2024] - [19:49:43] - [CHECKING] - [STATUS]: [OK] - [✓] - INFO
[27/11/2024] - [19:49:43] - [CHECKING] - [DIRETÓRIO]:C:\Users\Ragdejt\Projeto-01\10-RELATORIOS - INFO
[27/11/2024] - [19:49:43] - [CHECKING] - [STATUS]: [OK] - [✓] - INFO
[27/11/2024] - [19:49:43] - [CHECKING] - [DIRETÓRIO]:C:\Users\Ragdejt\Projeto-01\11-SEPARAÇÃO - INFO
[27/11/2024] - [19:49:43] - [CHECKING] - [STATUS]: [OK] - [✓] - INFO
[27/11/2024] - [19:49:43] - [CHECKING] - [DIRETÓRIO]:C:\Users\Ragdejt\Projeto-01\12-EXPEDIÇÃO - INFO
[27/11/2024] - [19:49:43] - [CHECKING] - [STATUS]: [OK] - [✓] - INFO
[27/11/2024] - [19:49:43] - [CHECKING] - [DIRETÓRIO]:C:\Users\Ragdejt\Projeto-01\13-VENDAS - INFO
[27/11/2024] - [19:49:43] - [CHECKING] - [STATUS]: [OK] - [✓] - INFO
[27/11/2024] - [19:49:43] - [CHECKING] - [ARQUIVO]:C:\Users\Ragdejt\Projeto-01\USUARIOS.db - INFO
[27/11/2024] - [19:49:43] - [CHECKING] - [STATUS]: [OK] - [✓] - INFO
[27/11/2024] - [19:49:43] - [CHECKING] - [ARQUIVOS/DIRETÓRIOS] - [VERIFICADOS] - DEBUG
[28/11/2024] - [21:33:09] - [CHECKING] - [ARQUIVOS/DIRETÓRIOS] - [VERIFICANDO] - DEBUG
[28/11/2024] - [21:33:09] - [CHECKING] - [DIRETÓRIO]:C:\Users\Ragdejt\Projeto-01\01-AGENDAMENTO - INFO
[28/11/2024] - [21:33:09] - [CHECKING] - [STATUS]: [OK] - [✓] - INFO
[28/11/2024] - [21:33:09] - [CHECKING] - [DIRETÓRIO]:C:\Users\Ragdejt\Projeto-01\02-COMPRAS - INFO
[28/11/2024] - [21:33:09] - [CHECKING] - [STATUS]: [OK] - [✓] - INFO
[28/11/2024] - [21:33:09] - [CHECKING] - [DIRETÓRIO]:C:\Users\Ragdejt\Projeto-01\03-CLIENTES - INFO
[28/11/2024] - [21:33:09] - [CHECKING] - [STATUS]: [OK] - [✓] - INFO
[28/11/2024] - [21:33:09] - [CHECKING] - [DIRETÓRIO]:C:\Users\Ragdejt\Projeto-01\04-FINANCEIRO - INFO
[28/11/2024] - [21:33:09] - [CHECKING] - [STATUS]: [OK] - [✓] - INFO
[28/11/2024] - [21:33:09] - [CHECKING] - [DIRETÓRIO]:C:\Users\Ragdejt\Projeto-01\05-FORNECEDORES - INFO
[28/11/2024] - [21:33:09] - [CHECKING] - [STATUS]: [OK] - [✓] - INFO
[28/11/2024] - [21:33:09] - [CHECKING] - [DIRETÓRIO]:C:\Users\Ragdejt\Projeto-01\06-FUNCIONARIOS - INFO
[28/11/2024] - [21:33:09] - [CHECKING] - [STATUS]: [OK] - [✓] - INFO
[28/11/2024] - [21:33:09] - [CHECKING] - [DIRETÓRIO]:C:\Users\Ragdejt\Projeto-01\07-ESTOQUE - INFO
[28/11/2024] - [21:33:09] - [CHECKING] - [STATUS]: [OK] - [✓] - INFO
[28/11/2024] - [21:33:09] - [CHECKING] - [DIRETÓRIO]:C:\Users\Ragdejt\Projeto-01\08-REGISTROS - INFO
[28/11/2024] - [21:33:09] - [CHECKING] - [STATUS]: [OK] - [✓] - INFO
[28/11/2024] - [21:33:09] - [CHECKING] - [DIRETÓRIO]:C:\Users\Ragdejt\Projeto-01\09-RECEBIMENTO - INFO
[28/11/2024] - [21:33:09] - [CHECKING] - [STATUS]: [OK] - [✓] - INFO
[28/11/2024] - [21:33:09] - [CHECKING] - [DIRETÓRIO]:C:\Users\Ragdejt\Projeto-01\10-RELATORIOS - INFO
[28/11/2024] - [21:33:09] - [CHECKING] - [STATUS]: [OK] - [✓] - INFO
[28/11/2024] - [21:33:09] - [CHECKING] - [DIRETÓRIO]:C:\Users\Ragdejt\Projeto-01\11-SEPARAÇÃO - INFO
[28/11/2024] - [21:33:09] - [CHECKING] - [STATUS]: [OK] - [✓] - INFO
[28/11/2024] - [21:33:09] - [CHECKING] - [DIRETÓRIO]:C:\Users\Ragdejt\Projeto-01\12-EXPEDIÇÃO - INFO
[28/11/2024] - [21:33:09] - [CHECKING] - [STATUS]: [OK] - [✓] - INFO
[28/11/2024] - [21:33:09] - [CHECKING] - [DIRETÓRIO]:C:\Users\Ragdejt\Projeto-01\13-VENDAS - INFO
[28/11/2024] - [21:33:09] - [CHECKING] - [STATUS]: [OK] - [✓] - INFO
[28/11/2024] - [21:33:09] - [CHECKING] - [ARQUIVO]:C:\Users\Ragdejt\Projeto-01\USUARIOS.db - INFO
[28/11/2024] - [21:33:09] - [CHECKING] - [STATUS]: [OK] - [✓] - INFO
[28/11/2024] - [21:33:09] - [CHECKING] - [ARQUIVOS/DIRETÓRIOS] - [VERIFICADOS] - DEBUG
[28/11/2024] - [21:35:30] - [CHECKING] - [ARQUIVOS/DIRETÓRIOS] - [VERIFICANDO] - DEBUG
[28/11/2024] - [21:35:30] - [CHECKING] - [DIRETÓRIO]:C:\Users\Ragdejt\Projeto-01\01-AGENDAMENTO - INFO
[28/11/2024] - [21:35:30] - [CHECKING] - [STATUS]: [OK] - [✓] - INFO
[28/11/2024] - [21:35:30] - [CHECKING] - [DIRETÓRIO]:C:\Users\Ragdejt\Projeto-01\02-COMPRAS - INFO
[28/11/2024] - [21:35:30] - [CHECKING] - [STATUS]: [OK] - [✓] - INFO
[28/11/2024] - [21:35:30] - [CHECKING] - [DIRETÓRIO]:C:\Users\Ragdejt\Projeto-01\03-CLIENTES - INFO
[28/11/2024] - [21:35:30] - [CHECKING] - [STATUS]: [OK] - [✓] - INFO
[28/11/2024] - [21:35:30] - [CHECKING] - [DIRETÓRIO]:C:\Users\Ragdejt\Projeto-01\04-FINANCEIRO - INFO
[28/11/2024] - [21:35:30] - [CHECKING] - [STATUS]: [OK] - [✓] - INFO
[28/11/2024] - [21:35:30] - [CHECKING] - [DIRETÓRIO]:C:\Users\Ragdejt\Projeto-01\05-FORNECEDORES - INFO
[28/11/2024] - [21:35:30] - [CHECKING] - [STATUS]: [OK] - [✓] - INFO
[28/11/2024] - [21:35:30] - [CHECKING] - [DIRETÓRIO]:C:\Users\Ragdejt\Projeto-01\06-FUNCIONARIOS - INFO
[28/11/2024] - [21:35:30] - [CHECKING] - [STATUS]: [OK] - [✓] - INFO
[28/11/2024] - [21:35:30] - [CHECKING] - [DIRETÓRIO]:C:\Users\Ragdejt\Projeto-01\07-ESTOQUE - INFO
[28/11/2024] - [21:35:30] - [CHECKING] - [STATUS]: [OK] - [✓] - INFO
[28/11/2024] - [21:35:30] - [CHECKING] - [DIRETÓRIO]:C:\Users\Ragdejt\Projeto-01\08-REGISTROS - INFO
[28/11/2024] - [21:35:30] - [CHECKING] - [STATUS]: [OK] - [✓] - INFO
[28/11/2024] - [21:35:30] - [CHECKING] - [DIRETÓRIO]:C:\Users\Ragdejt\Projeto-01\09-RECEBIMENTO - INFO
[28/11/2024] - [21:35:30] - [CHECKING] - [STATUS]: [OK] - [✓] - INFO
[28/11/2024] - [21:35:30] - [CHECKING] - [DIRETÓRIO]:C:\Users\Ragdejt\Projeto-01\10-RELATORIOS - INFO
[28/11/2024] - [21:35:30] - [CHECKING] - [STATUS]: [OK] - [✓] - INFO
[28/11/2024] - [21:35:30] - [CHECKING] - [DIRETÓRIO]:C:\Users\Ragdejt\Projeto-01\11-SEPARAÇÃO - INFO
[28/11/2024] - [21:35:30] - [CHECKING] - [STATUS]: [OK] - [✓] - INFO
[28/11/2024] - [21:35:30] - [CHECKING] - [DIRETÓRIO]:C:\Users\Ragdejt\Projeto-01\12-EXPEDIÇÃO - INFO
[28/11/2024] - [21:35:30] - [CHECKING] - [STATUS]: [OK] - [✓] - INFO
[28/11/2024] - [21:35:30] - [CHECKING] - [DIRETÓRIO]:C:\Users\Ragdejt\Projeto-01\13-VENDAS - INFO
[28/11/2024] - [21:35:30] - [CHECKING] - [STATUS]: [OK] - [✓] - INFO
[28/11/2024] - [21:35:30] - [CHECKING] - [ARQUIVO]:C:\Users\Ragdejt\Projeto-01\USUARIOS.db - INFO
[28/11/2024] - [21:35:30] - [CHECKING] - [STATUS]: [OK] - [✓] - INFO
[28/11/2024] - [21:35:30] - [CHECKING] - [ARQUIVOS/DIRETÓRIOS] - [VERIFICADOS] - DEBUG
