[03/12/2024] - [18:24:36] - [DIRETÓRIO]:C:\Users\Ragdejt\Projeto-01 - [STATUS] - [✓] - INFO
[03/12/2024] - [18:24:36] - [DIRETÓRIO]:C:\Users\Ragdejt\Projeto-01\01-AGENDAMENTOS - [STATUS] - [✓] - INFO
[03/12/2024] - [18:24:36] - [DIRETÓRIO]:C:\Users\Ragdejt\Projeto-01\02-COMPRAS - [STATUS] - [✓] - INFO
[03/12/2024] - [18:24:36] - [DIRETÓRIO]:C:\Users\Ragdejt\Projeto-01\03-CLIENTES - [STATUS] - [✓] - INFO
[03/12/2024] - [18:24:36] - [DIRETÓRIO]:C:\Users\Ragdejt\Projeto-01\04-FINANCEIRO - [STATUS] - [✓] - INFO
[03/12/2024] - [18:24:36] - [DIRETÓRIO]:C:\Users\Ragdejt\Projeto-01\05-FORNECEDORES - [STATUS] - [✓] - INFO
[03/12/2024] - [18:24:36] - [DIRETÓRIO]:C:\Users\Ragdejt\Projeto-01\06-FUNCIONARIOS - [STATUS] - [✓] - INFO
[03/12/2024] - [18:24:36] - [DIRETÓRIO]:C:\Users\Ragdejt\Projeto-01\07-ESTOQUE - [STATUS] - [✓] - INFO
[03/12/2024] - [18:24:36] - [DIRETÓRIO]:C:\Users\Ragdejt\Projeto-01\08-REGISTROS - [STATUS] - [✓] - INFO
[03/12/2024] - [18:24:36] - [DIRETÓRIO]:C:\Users\Ragdejt\Projeto-01\09-RECEBIMENTO - [STATUS] - [✓] - INFO
[03/12/2024] - [18:24:36] - [DIRETÓRIO]:C:\Users\Ragdejt\Projeto-01\10-RELATORIOS - [STATUS] - [✓] - INFO
[03/12/2024] - [18:24:36] - [DIRETÓRIO]:C:\Users\Ragdejt\Projeto-01\11-SEPARAÇÃO - [STATUS] - [✓] - INFO
[03/12/2024] - [18:24:36] - [DIRETÓRIO]:C:\Users\Ragdejt\Projeto-01\12-EXPEDIÇÃO - [STATUS] - [✓] - INFO
[03/12/2024] - [18:24:36] - [DIRETÓRIO]:C:\Users\Ragdejt\Projeto-01\13-VENDAS - [STATUS] - [✓] - INFO
[03/12/2024] - [18:24:36] - [ARQUIVOS/DIRETÓRIOS] - [VERIFICADOS] - DEBUG
[04/12/2024] - [21:20:02] - [DIRETÓRIO]:C:\Users\Ragdejt\Projeto-01 - [STATUS] - [✓] - INFO
[04/12/2024] - [21:20:02] - [DIRETÓRIO]:C:\Users\Ragdejt\Projeto-01\01-AGENDAMENTOS - [STATUS] - [✓] - INFO
[04/12/2024] - [21:20:02] - [DIRETÓRIO]:C:\Users\Ragdejt\Projeto-01\02-COMPRAS - [STATUS] - [✓] - INFO
[04/12/2024] - [21:20:02] - [DIRETÓRIO]:C:\Users\Ragdejt\Projeto-01\03-CLIENTES - [STATUS] - [✓] - INFO
[04/12/2024] - [21:20:02] - [DIRETÓRIO]:C:\Users\Ragdejt\Projeto-01\04-FINANCEIRO - [STATUS] - [✓] - INFO
[04/12/2024] - [21:20:02] - [DIRETÓRIO]:C:\Users\Ragdejt\Projeto-01\05-FORNECEDORES - [STATUS] - [✓] - INFO
[04/12/2024] - [21:20:02] - [DIRETÓRIO]:C:\Users\Ragdejt\Projeto-01\06-FUNCIONARIOS - [STATUS] - [✓] - INFO
[04/12/2024] - [21:20:02] - [DIRETÓRIO]:C:\Users\Ragdejt\Projeto-01\07-ESTOQUE - [STATUS] - [✓] - INFO
[04/12/2024] - [21:20:02] - [DIRETÓRIO]:C:\Users\Ragdejt\Projeto-01\08-REGISTROS - [STATUS] - [✓] - INFO
[04/12/2024] - [21:20:02] - [DIRETÓRIO]:C:\Users\Ragdejt\Projeto-01\09-RECEBIMENTO - [STATUS] - [✓] - INFO
[04/12/2024] - [21:20:02] - [DIRETÓRIO]:C:\Users\Ragdejt\Projeto-01\10-RELATORIOS - [STATUS] - [✓] - INFO
[04/12/2024] - [21:20:02] - [DIRETÓRIO]:C:\Users\Ragdejt\Projeto-01\11-SEPARAÇÃO - [STATUS] - [✓] - INFO
[04/12/2024] - [21:20:02] - [DIRETÓRIO]:C:\Users\Ragdejt\Projeto-01\12-EXPEDIÇÃO - [STATUS] - [✓] - INFO
[04/12/2024] - [21:20:02] - [DIRETÓRIO]:C:\Users\Ragdejt\Projeto-01\13-VENDAS - [STATUS] - [✓] - INFO
[04/12/2024] - [21:20:02] - [ARQUIVOS/DIRETÓRIOS] - [VERIFICADOS] - DEBUG
[04/12/2024] - [21:23:39] - [DIRETÓRIO]:C:\Users\Ragdejt\Projeto-01 - [STATUS] - [✓] - INFO
[04/12/2024] - [21:23:39] - [DIRETÓRIO]:C:\Users\Ragdejt\Projeto-01\01-AGENDAMENTOS - [STATUS] - [✓] - INFO
[04/12/2024] - [21:23:39] - [DIRETÓRIO]:C:\Users\Ragdejt\Projeto-01\02-COMPRAS - [STATUS] - [✓] - INFO
[04/12/2024] - [21:23:39] - [DIRETÓRIO]:C:\Users\Ragdejt\Projeto-01\03-CLIENTES - [STATUS] - [✓] - INFO
[04/12/2024] - [21:23:39] - [DIRETÓRIO]:C:\Users\Ragdejt\Projeto-01\04-FINANCEIRO - [STATUS] - [✓] - INFO
[04/12/2024] - [21:23:39] - [DIRETÓRIO]:C:\Users\Ragdejt\Projeto-01\05-FORNECEDORES - [STATUS] - [✓] - INFO
[04/12/2024] - [21:23:39] - [DIRETÓRIO]:C:\Users\Ragdejt\Projeto-01\06-FUNCIONARIOS - [STATUS] - [✓] - INFO
[04/12/2024] - [21:23:39] - [DIRETÓRIO]:C:\Users\Ragdejt\Projeto-01\07-ESTOQUE - [STATUS] - [✓] - INFO
[04/12/2024] - [21:23:39] - [DIRETÓRIO]:C:\Users\Ragdejt\Projeto-01\08-REGISTROS - [STATUS] - [✓] - INFO
[04/12/2024] - [21:23:39] - [DIRETÓRIO]:C:\Users\Ragdejt\Projeto-01\09-RECEBIMENTO - [STATUS] - [✓] - INFO
[04/12/2024] - [21:23:39] - [DIRETÓRIO]:C:\Users\Ragdejt\Projeto-01\10-RELATORIOS - [STATUS] - [✓] - INFO
[04/12/2024] - [21:23:39] - [DIRETÓRIO]:C:\Users\Ragdejt\Projeto-01\11-SEPARAÇÃO - [STATUS] - [✓] - INFO
[04/12/2024] - [21:23:39] - [DIRETÓRIO]:C:\Users\Ragdejt\Projeto-01\12-EXPEDIÇÃO - [STATUS] - [✓] - INFO
[04/12/2024] - [21:23:39] - [DIRETÓRIO]:C:\Users\Ragdejt\Projeto-01\13-VENDAS - [STATUS] - [✓] - INFO
[04/12/2024] - [21:23:39] - [ARQUIVOS/DIRETÓRIOS] - [VERIFICADOS] - DEBUG
[09/12/2024] - [18:59:15] - [DIRETÓRIO]:C:\Users\Ragdejt\Projeto-01 - [STATUS] - [✓] - INFO
[09/12/2024] - [18:59:15] - [DIRETÓRIO]:C:\Users\Ragdejt\Projeto-01\01-AGENDAMENTOS - [STATUS] - [✓] - INFO
[09/12/2024] - [18:59:15] - [DIRETÓRIO]:C:\Users\Ragdejt\Projeto-01\02-COMPRAS - [STATUS] - [✓] - INFO
[09/12/2024] - [18:59:15] - [DIRETÓRIO]:C:\Users\Ragdejt\Projeto-01\03-CLIENTES - [STATUS] - [✓] - INFO
[09/12/2024] - [18:59:15] - [DIRETÓRIO]:C:\Users\Ragdejt\Projeto-01\04-FINANCEIRO - [STATUS] - [✓] - INFO
[09/12/2024] - [18:59:15] - [DIRETÓRIO]:C:\Users\Ragdejt\Projeto-01\05-FORNECEDORES - [STATUS] - [✓] - INFO
[09/12/2024] - [18:59:15] - [DIRETÓRIO]:C:\Users\Ragdejt\Projeto-01\06-FUNCIONARIOS - [STATUS] - [✓] - INFO
[09/12/2024] - [18:59:15] - [DIRETÓRIO]:C:\Users\Ragdejt\Projeto-01\07-ESTOQUE - [STATUS] - [✓] - INFO
[09/12/2024] - [18:59:15] - [DIRETÓRIO]:C:\Users\Ragdejt\Projeto-01\08-REGISTROS - [STATUS] - [✓] - INFO
[09/12/2024] - [18:59:15] - [DIRETÓRIO]:C:\Users\Ragdejt\Projeto-01\09-RECEBIMENTO - [STATUS] - [✓] - INFO
[09/12/2024] - [18:59:15] - [DIRETÓRIO]:C:\Users\Ragdejt\Projeto-01\10-RELATORIOS - [STATUS] - [✓] - INFO
[09/12/2024] - [18:59:15] - [DIRETÓRIO]:C:\Users\Ragdejt\Projeto-01\11-SEPARAÇÃO - [STATUS] - [✓] - INFO
[09/12/2024] - [18:59:15] - [DIRETÓRIO]:C:\Users\Ragdejt\Projeto-01\12-EXPEDIÇÃO - [STATUS] - [✓] - INFO
[09/12/2024] - [18:59:15] - [DIRETÓRIO]:C:\Users\Ragdejt\Projeto-01\13-VENDAS - [STATUS] - [✓] - INFO
[09/12/2024] - [18:59:15] - [ARQUIVOS/DIRETÓRIOS] - [VERIFICADOS] - DEBUG
[13/12/2024] - [16:24:40] - [DIRETÓRIO]:C:\Users\Ragdejt\Projeto-01 - [STATUS] - [✓] - INFO
[13/12/2024] - [16:24:40] - [DIRETÓRIO]:C:\Users\Ragdejt\Projeto-01\01-AGENDAMENTOS - [STATUS] - [✓] - INFO
[13/12/2024] - [16:24:40] - [DIRETÓRIO]:C:\Users\Ragdejt\Projeto-01\02-COMPRAS - [STATUS] - [✓] - INFO
[13/12/2024] - [16:24:40] - [DIRETÓRIO]:C:\Users\Ragdejt\Projeto-01\03-CLIENTES - [STATUS] - [✓] - INFO
[13/12/2024] - [16:24:40] - [DIRETÓRIO]:C:\Users\Ragdejt\Projeto-01\04-FINANCEIRO - [STATUS] - [✓] - INFO
[13/12/2024] - [16:24:40] - [DIRETÓRIO]:C:\Users\Ragdejt\Projeto-01\05-FORNECEDORES - [STATUS] - [✓] - INFO
[13/12/2024] - [16:24:40] - [DIRETÓRIO]:C:\Users\Ragdejt\Projeto-01\06-FUNCIONARIOS - [STATUS] - [✓] - INFO
[13/12/2024] - [16:24:40] - [DIRETÓRIO]:C:\Users\Ragdejt\Projeto-01\07-ESTOQUE - [STATUS] - [✓] - INFO
[13/12/2024] - [16:24:40] - [DIRETÓRIO]:C:\Users\Ragdejt\Projeto-01\08-REGISTROS - [STATUS] - [✓] - INFO
[13/12/2024] - [16:24:40] - [DIRETÓRIO]:C:\Users\Ragdejt\Projeto-01\09-RECEBIMENTO - [STATUS] - [✓] - INFO
[13/12/2024] - [16:24:40] - [DIRETÓRIO]:C:\Users\Ragdejt\Projeto-01\10-RELATORIOS - [STATUS] - [✓] - INFO
[13/12/2024] - [16:24:40] - [DIRETÓRIO]:C:\Users\Ragdejt\Projeto-01\11-SEPARAÇÃO - [STATUS] - [✓] - INFO
[13/12/2024] - [16:24:40] - [DIRETÓRIO]:C:\Users\Ragdejt\Projeto-01\12-EXPEDIÇÃO - [STATUS] - [✓] - INFO
[13/12/2024] - [16:24:40] - [DIRETÓRIO]:C:\Users\Ragdejt\Projeto-01\13-VENDAS - [STATUS] - [✓] - INFO
[13/12/2024] - [16:24:40] - [ARQUIVOS/DIRETÓRIOS] - [VERIFICADOS] - DEBUG
[20/12/2024] - [19:22:47] - [DIRETÓRIO]:C:\Users\Ragdejt\Projeto-01 - [STATUS] - [✓] - INFO
[20/12/2024] - [19:22:47] - [DIRETÓRIO]:C:\Users\Ragdejt\Projeto-01\01-AGENDAMENTOS - [STATUS] - [✓] - INFO
[20/12/2024] - [19:22:47] - [DIRETÓRIO]:C:\Users\Ragdejt\Projeto-01\02-COMPRAS - [STATUS] - [✓] - INFO
[20/12/2024] - [19:22:47] - [DIRETÓRIO]:C:\Users\Ragdejt\Projeto-01\03-CLIENTES - [STATUS] - [✓] - INFO
[20/12/2024] - [19:22:47] - [DIRETÓRIO]:C:\Users\Ragdejt\Projeto-01\04-FINANCEIRO - [STATUS] - [✓] - INFO
[20/12/2024] - [19:22:47] - [DIRETÓRIO]:C:\Users\Ragdejt\Projeto-01\05-FORNECEDORES - [STATUS] - [✓] - INFO
[20/12/2024] - [19:22:47] - [DIRETÓRIO]:C:\Users\Ragdejt\Projeto-01\06-FUNCIONARIOS - [STATUS] - [✓] - INFO
[20/12/2024] - [19:22:47] - [DIRETÓRIO]:C:\Users\Ragdejt\Projeto-01\07-ESTOQUE - [STATUS] - [✓] - INFO
[20/12/2024] - [19:22:47] - [DIRETÓRIO]:C:\Users\Ragdejt\Projeto-01\08-REGISTROS - [STATUS] - [✓] - INFO
[20/12/2024] - [19:22:47] - [DIRETÓRIO]:C:\Users\Ragdejt\Projeto-01\09-RECEBIMENTO - [STATUS] - [✓] - INFO
[20/12/2024] - [19:22:47] - [DIRETÓRIO]:C:\Users\Ragdejt\Projeto-01\10-RELATORIOS - [STATUS] - [✓] - INFO
[20/12/2024] - [19:22:47] - [DIRETÓRIO]:C:\Users\Ragdejt\Projeto-01\11-SEPARAÇÃO - [STATUS] - [✓] - INFO
[20/12/2024] - [19:22:47] - [DIRETÓRIO]:C:\Users\Ragdejt\Projeto-01\12-EXPEDIÇÃO - [STATUS] - [✓] - INFO
[20/12/2024] - [19:22:47] - [DIRETÓRIO]:C:\Users\Ragdejt\Projeto-01\13-VENDAS - [STATUS] - [✓] - INFO
[20/12/2024] - [19:22:47] - [ARQUIVOS/DIRETÓRIOS] - [✓] - DEBUG
[20/12/2024] - [19:25:47] - [DIRETÓRIO]:C:\Users\Ragdejt\Projeto-01 - [STATUS] - [✓] - INFO
[20/12/2024] - [19:25:47] - [DIRETÓRIO]:C:\Users\Ragdejt\Projeto-01\01-AGENDAMENTOS - [STATUS] - [✓] - INFO
[20/12/2024] - [19:25:47] - [DIRETÓRIO]:C:\Users\Ragdejt\Projeto-01\02-COMPRAS - [STATUS] - [✓] - INFO
[20/12/2024] - [19:25:47] - [DIRETÓRIO]:C:\Users\Ragdejt\Projeto-01\03-CLIENTES - [STATUS] - [✓] - INFO
[20/12/2024] - [19:25:47] - [DIRETÓRIO]:C:\Users\Ragdejt\Projeto-01\04-FINANCEIRO - [STATUS] - [✓] - INFO
[20/12/2024] - [19:25:47] - [DIRETÓRIO]:C:\Users\Ragdejt\Projeto-01\05-FORNECEDORES - [STATUS] - [✓] - INFO
[20/12/2024] - [19:25:47] - [DIRETÓRIO]:C:\Users\Ragdejt\Projeto-01\06-FUNCIONARIOS - [STATUS] - [✓] - INFO
[20/12/2024] - [19:25:47] - [DIRETÓRIO]:C:\Users\Ragdejt\Projeto-01\07-ESTOQUE - [STATUS] - [✓] - INFO
[20/12/2024] - [19:25:47] - [DIRETÓRIO]:C:\Users\Ragdejt\Projeto-01\08-REGISTROS - [STATUS] - [✓] - INFO
[20/12/2024] - [19:25:47] - [DIRETÓRIO]:C:\Users\Ragdejt\Projeto-01\09-RECEBIMENTO - [STATUS] - [✓] - INFO
[20/12/2024] - [19:25:47] - [DIRETÓRIO]:C:\Users\Ragdejt\Projeto-01\10-RELATORIOS - [STATUS] - [✓] - INFO
[20/12/2024] - [19:25:47] - [DIRETÓRIO]:C:\Users\Ragdejt\Projeto-01\11-SEPARAÇÃO - [STATUS] - [✓] - INFO
[20/12/2024] - [19:25:47] - [DIRETÓRIO]:C:\Users\Ragdejt\Projeto-01\12-EXPEDIÇÃO - [STATUS] - [✓] - INFO
[20/12/2024] - [19:25:47] - [DIRETÓRIO]:C:\Users\Ragdejt\Projeto-01\13-VENDAS - [STATUS] - [✓] - INFO
[20/12/2024] - [19:25:47] - [ARQUIVOS/DIRETÓRIOS] - [✓] - DEBUG
